#
# There is insufficient memory for the Java Runtime Environment to continue.
# Native memory allocation (malloc) failed to allocate 1048576 bytes. Error detail: AllocateHeap
# Possible reasons:
#   The system is out of physical RAM or swap space
#   This process is running with CompressedOops enabled, and the Java Heap may be blocking the growth of the native heap
# Possible solutions:
#   Reduce memory load on the system
#   Increase physical memory or swap space
#   Check if swap backing store is full
#   Decrease Java heap size (-Xmx/-Xms)
#   Decrease number of Java threads
#   Decrease Java thread stack sizes (-Xss)
#   Set larger code cache with -XX:ReservedCodeCacheSize=
#   JVM is running with Unscaled Compressed Oops mode in which the Java heap is
#     placed in the first 4GB address space. The Java Heap base address is the
#     maximum limit for the native heap growth. Please use -XX:HeapBaseMinAddress
#     to set the Java Heap base and to place the Java Heap above 4GB virtual address.
# This output file may be truncated or incomplete.
#
#  Out of Memory Error (allocation.cpp:44), pid=28732, tid=15336
#
# JRE version: OpenJDK Runtime Environment Temurin-21.0.9+10 (21.0.9+10) (build 21.0.9+10-LTS)
# Java VM: OpenJDK 64-Bit Server VM Temurin-21.0.9+10 (21.0.9+10-LTS, mixed mode, sharing, tiered, compressed oops, compressed class ptrs, parallel gc, windows-amd64)
# No core dump will be written. Minidumps are not enabled by default on client versions of Windows
#

---------------  S U M M A R Y ------------

Command Line: --add-modules=ALL-SYSTEM --add-opens=java.base/java.util=ALL-UNNAMED --add-opens=java.base/java.lang=ALL-UNNAMED --add-opens=java.base/sun.nio.fs=ALL-UNNAMED -Declipse.application=org.eclipse.jdt.ls.core.id1 -Dosgi.bundles.defaultStartLevel=4 -Declipse.product=org.eclipse.jdt.ls.core.product -Djava.import.generatesMetadataFilesAtProjectRoot=false -DDetectVMInstallationsJob.disabled=true -Dfile.encoding=utf8 -XX:+UseParallelGC -XX:GCTimeRatio=4 -XX:AdaptiveSizePolicyWeight=90 -Dsun.zip.disableMemoryMapping=true -Xmx2G -Xms100m -Xlog:disable -javaagent:c:\Users\ivasa\.cursor\extensions\redhat.java-1.49.0-win32-x64\lombok\lombok-1.18.39-4050.jar -XX:+HeapDumpOnOutOfMemoryError -XX:HeapDumpPath=c:\Users\ivasa\AppData\Roaming\Cursor\User\workspaceStorage\a1775c4f00a8f7682770cc56232e43d3\redhat.java -Daether.dependencyCollector.impl=bf c:\Users\ivasa\.cursor\extensions\redhat.java-1.49.0-win32-x64\server\plugins\org.eclipse.equinox.launcher_1.7.100.v20251111-0406.jar -configuration c:\Users\ivasa\AppData\Roaming\Cursor\User\globalStorage\redhat.java\1.49.0\config_win -data c:\Users\ivasa\AppData\Roaming\Cursor\User\workspaceStorage\a1775c4f00a8f7682770cc56232e43d3\redhat.java\jdt_ws --pipe=\\.\pipe\lsp-4d92aa351342adac7816345bf9dc13df-sock

Host: AMD Ryzen 5 7535HS with Radeon Graphics        , 12 cores, 7G,  Windows 11 , 64 bit Build 22621 (10.0.22621.5124)
Time: Thu Nov 20 10:59:18 2025 Malay Peninsula Standard Time elapsed time: 22.288490 seconds (0d 0h 0m 22s)

---------------  T H R E A D  ---------------

Current thread (0x000002cf45008900):  JavaThread "Attach Listener" daemon [_thread_in_vm, id=15336, stack(0x000000ffd1100000,0x000000ffd1200000) (1024K)]

Stack: [0x000000ffd1100000,0x000000ffd1200000]
Native frames: (J=compiled Java code, j=interpreted, Vv=VM code, C=native code)
V  [jvm.dll+0x6d6e29]
V  [jvm.dll+0x8b4b76]
V  [jvm.dll+0x8b712e]
V  [jvm.dll+0x8b7813]
V  [jvm.dll+0x283d86]
V  [jvm.dll+0xc1277]
V  [jvm.dll+0x6d76d9]
V  [jvm.dll+0x133466]
V  [jvm.dll+0x3f7ea6]
V  [jvm.dll+0x85e9ad]
V  [jvm.dll+0x6d565d]
C  [ucrtbase.dll+0x29333]
C  [KERNEL32.DLL+0x1259d]
C  [ntdll.dll+0x5af38]


---------------  P R O C E S S  ---------------

Threads class SMR info:
_java_thread_list=0x000002cf4941a650, length=56, elements={
0x000002cf67666d40, 0x000002cf45004090, 0x000002cf450057f0, 0x000002cf450079f0,
0x000002cf45008900, 0x000002cf4500a6c0, 0x000002cf4500d120, 0x000002cf4500dea0,
0x000002cf4507d0b0, 0x000002cf45237ea0, 0x000002cf4535c8f0, 0x000002cf45960700,
0x000002cf45d7a0f0, 0x000002cf458689c0, 0x000002cf45d81cf0, 0x000002cf461c90a0,
0x000002cf461c8a10, 0x000002cf461c9730, 0x000002cf461c7660, 0x000002cf461c9dc0,
0x000002cf461c7cf0, 0x000002cf461ca450, 0x000002cf461c8380, 0x000002cf463f9b80,
0x000002cf463fb5c0, 0x000002cf463fa8a0, 0x000002cf463f8e60, 0x000002cf463fd000,
0x000002cf463faf30, 0x000002cf463fe3b0, 0x000002cf463fbc50, 0x000002cf463fc2e0,
0x000002cf463fc970, 0x000002cf46400480, 0x000002cf463fd690, 0x000002cf463fdd20,
0x000002cf463ff760, 0x000002cf463fea40, 0x000002cf463ff0d0, 0x000002cf463ffdf0,
0x000002cf463f94f0, 0x000002cf463fa210, 0x000002cf486e3770, 0x000002cf486e30e0,
0x000002cf486e02f0, 0x000002cf486e16a0, 0x000002cf486df5d0, 0x000002cf486e0980,
0x000002cf486e3e00, 0x000002cf486e1010, 0x000002cf486e51b0, 0x000002cf486de220,
0x000002cf486e23c0, 0x000002cf486de8b0, 0x000002cf486def40, 0x000002cf479ce7a0
}

Java Threads: ( => current thread )
  0x000002cf67666d40 JavaThread "main"                              [_thread_blocked, id=27184, stack(0x000000ffd0a00000,0x000000ffd0b00000) (1024K)]
  0x000002cf45004090 JavaThread "Reference Handler"          daemon [_thread_blocked, id=21668, stack(0x000000ffd0e00000,0x000000ffd0f00000) (1024K)]
  0x000002cf450057f0 JavaThread "Finalizer"                  daemon [_thread_blocked, id=23636, stack(0x000000ffd0f00000,0x000000ffd1000000) (1024K)]
  0x000002cf450079f0 JavaThread "Signal Dispatcher"          daemon [_thread_blocked, id=10136, stack(0x000000ffd1000000,0x000000ffd1100000) (1024K)]
=>0x000002cf45008900 JavaThread "Attach Listener"            daemon [_thread_in_vm, id=15336, stack(0x000000ffd1100000,0x000000ffd1200000) (1024K)]
  0x000002cf4500a6c0 JavaThread "Service Thread"             daemon [_thread_blocked, id=29252, stack(0x000000ffd1200000,0x000000ffd1300000) (1024K)]
  0x000002cf4500d120 JavaThread "Monitor Deflation Thread"   daemon [_thread_blocked, id=22144, stack(0x000000ffd1300000,0x000000ffd1400000) (1024K)]
  0x000002cf4500dea0 JavaThread "C2 CompilerThread0"         daemon [_thread_blocked, id=9064, stack(0x000000ffd1400000,0x000000ffd1500000) (1024K)]
  0x000002cf4507d0b0 JavaThread "C1 CompilerThread0"         daemon [_thread_blocked, id=17600, stack(0x000000ffd1500000,0x000000ffd1600000) (1024K)]
  0x000002cf45237ea0 JavaThread "Common-Cleaner"             daemon [_thread_blocked, id=6316, stack(0x000000ffd1600000,0x000000ffd1700000) (1024K)]
  0x000002cf4535c8f0 JavaThread "Notification Thread"        daemon [_thread_blocked, id=21464, stack(0x000000ffd1700000,0x000000ffd1800000) (1024K)]
  0x000002cf45960700 JavaThread "Active Thread: Equinox Container: c5c19a4b-79a9-4d21-bfc9-000b593039b8"        [_thread_blocked, id=24116, stack(0x000000ffd1e00000,0x000000ffd1f00000) (1024K)]
  0x000002cf45d7a0f0 JavaThread "Refresh Thread: Equinox Container: c5c19a4b-79a9-4d21-bfc9-000b593039b8" daemon [_thread_blocked, id=8396, stack(0x000000ffd1f00000,0x000000ffd2000000) (1024K)]
  0x000002cf458689c0 JavaThread "Framework Event Dispatcher: Equinox Container: c5c19a4b-79a9-4d21-bfc9-000b593039b8" daemon [_thread_blocked, id=6704, stack(0x000000ffd2100000,0x000000ffd2200000) (1024K)]
  0x000002cf45d81cf0 JavaThread "Start Level: Equinox Container: c5c19a4b-79a9-4d21-bfc9-000b593039b8" daemon [_thread_blocked, id=26120, stack(0x000000ffd2200000,0x000000ffd2300000) (1024K)]
  0x000002cf461c90a0 JavaThread "Bundle File Closer"         daemon [_thread_blocked, id=20808, stack(0x000000ffd2500000,0x000000ffd2600000) (1024K)]
  0x000002cf461c8a10 JavaThread "SCR Component Actor"        daemon [_thread_blocked, id=11184, stack(0x000000ffd2600000,0x000000ffd2700000) (1024K)]
  0x000002cf461c9730 JavaThread "Worker-JM"                         [_thread_blocked, id=16780, stack(0x000000ffd2700000,0x000000ffd2800000) (1024K)]
  0x000002cf461c7660 JavaThread "JNA Cleaner"                daemon [_thread_blocked, id=14648, stack(0x000000ffd2800000,0x000000ffd2900000) (1024K)]
  0x000002cf461c9dc0 JavaThread "Worker-0"                          [_thread_blocked, id=12068, stack(0x000000ffd2900000,0x000000ffd2a00000) (1024K)]
  0x000002cf461c7cf0 JavaThread "Worker-1"                          [_thread_blocked, id=28756, stack(0x000000ffd2a00000,0x000000ffd2b00000) (1024K)]
  0x000002cf461ca450 JavaThread "Java indexing"              daemon [_thread_blocked, id=11868, stack(0x000000ffd2b00000,0x000000ffd2c00000) (1024K)]
  0x000002cf461c8380 JavaThread "Worker-2"                          [_thread_blocked, id=10656, stack(0x000000ffd2c00000,0x000000ffd2d00000) (1024K)]
  0x000002cf463f9b80 JavaThread "Worker-3"                          [_thread_blocked, id=3964, stack(0x000000ffd2d00000,0x000000ffd2e00000) (1024K)]
  0x000002cf463fb5c0 JavaThread "Thread-1"                   daemon [_thread_in_native, id=4512, stack(0x000000ffd2e00000,0x000000ffd2f00000) (1024K)]
  0x000002cf463fa8a0 JavaThread "Thread-2"                   daemon [_thread_in_native, id=23356, stack(0x000000ffd2f00000,0x000000ffd3000000) (1024K)]
  0x000002cf463f8e60 JavaThread "Thread-3"                   daemon [_thread_in_native, id=6816, stack(0x000000ffd3000000,0x000000ffd3100000) (1024K)]
  0x000002cf463fd000 JavaThread "Thread-4"                   daemon [_thread_in_native, id=8488, stack(0x000000ffd3100000,0x000000ffd3200000) (1024K)]
  0x000002cf463faf30 JavaThread "Thread-5"                   daemon [_thread_in_native, id=28980, stack(0x000000ffd3200000,0x000000ffd3300000) (1024K)]
  0x000002cf463fe3b0 JavaThread "Thread-6"                   daemon [_thread_in_native, id=23492, stack(0x000000ffd3300000,0x000000ffd3400000) (1024K)]
  0x000002cf463fbc50 JavaThread "Thread-7"                   daemon [_thread_in_native, id=22872, stack(0x000000ffd3400000,0x000000ffd3500000) (1024K)]
  0x000002cf463fc2e0 JavaThread "Thread-8"                   daemon [_thread_in_native, id=22924, stack(0x000000ffd3500000,0x000000ffd3600000) (1024K)]
  0x000002cf463fc970 JavaThread "Thread-9"                   daemon [_thread_in_native, id=18404, stack(0x000000ffd3600000,0x000000ffd3700000) (1024K)]
  0x000002cf46400480 JavaThread "Thread-10"                  daemon [_thread_in_native, id=5396, stack(0x000000ffd3700000,0x000000ffd3800000) (1024K)]
  0x000002cf463fd690 JavaThread "Thread-11"                  daemon [_thread_in_native, id=9688, stack(0x000000ffd3800000,0x000000ffd3900000) (1024K)]
  0x000002cf463fdd20 JavaThread "Thread-12"                  daemon [_thread_in_native, id=6016, stack(0x000000ffd3900000,0x000000ffd3a00000) (1024K)]
  0x000002cf463ff760 JavaThread "Thread-13"                  daemon [_thread_in_native, id=23104, stack(0x000000ffd3a00000,0x000000ffd3b00000) (1024K)]
  0x000002cf463fea40 JavaThread "pool-2-thread-1"                   [_thread_blocked, id=16520, stack(0x000000ffd3b00000,0x000000ffd3c00000) (1024K)]
  0x000002cf463ff0d0 JavaThread "Worker-4"                          [_thread_blocked, id=7692, stack(0x000000ffd3c00000,0x000000ffd3d00000) (1024K)]
  0x000002cf463ffdf0 JavaThread "WorkspaceEventsHandler"            [_thread_blocked, id=27000, stack(0x000000ffd3d00000,0x000000ffd3e00000) (1024K)]
  0x000002cf463f94f0 JavaThread "pool-1-thread-1"                   [_thread_blocked, id=19420, stack(0x000000ffd3e00000,0x000000ffd3f00000) (1024K)]
  0x000002cf463fa210 JavaThread "Worker-5"                          [_thread_blocked, id=14852, stack(0x000000ffd3f00000,0x000000ffd4000000) (1024K)]
  0x000002cf486e3770 JavaThread "Timer-0"                           [_thread_blocked, id=3628, stack(0x000000ffd4000000,0x000000ffd4100000) (1024K)]
  0x000002cf486e30e0 JavaThread "Worker-6"                          [_thread_blocked, id=10900, stack(0x000000ffd4300000,0x000000ffd4400000) (1024K)]
  0x000002cf486e02f0 JavaThread "ForkJoinPool.commonPool-worker-1" daemon [_thread_blocked, id=22024, stack(0x000000ffd4400000,0x000000ffd4500000) (1024K)]
  0x000002cf486e16a0 JavaThread "ForkJoinPool.commonPool-worker-2" daemon [_thread_blocked, id=12236, stack(0x000000ffd4500000,0x000000ffd4600000) (1024K)]
  0x000002cf486df5d0 JavaThread "ForkJoinPool.commonPool-worker-3" daemon [_thread_blocked, id=22900, stack(0x000000ffd4600000,0x000000ffd4700000) (1024K)]
  0x000002cf486e0980 JavaThread "ForkJoinPool.commonPool-worker-4" daemon [_thread_blocked, id=29368, stack(0x000000ffd4700000,0x000000ffd4800000) (1024K)]
  0x000002cf486e3e00 JavaThread "ForkJoinPool.commonPool-worker-5" daemon [_thread_blocked, id=23184, stack(0x000000ffd4800000,0x000000ffd4900000) (1024K)]
  0x000002cf486e1010 JavaThread "ForkJoinPool.commonPool-worker-6" daemon [_thread_blocked, id=4452, stack(0x000000ffd4900000,0x000000ffd4a00000) (1024K)]
  0x000002cf486e51b0 JavaThread "ForkJoinPool.commonPool-worker-7" daemon [_thread_blocked, id=13588, stack(0x000000ffd4a00000,0x000000ffd4b00000) (1024K)]
  0x000002cf486de220 JavaThread "ForkJoinPool.commonPool-worker-8" daemon [_thread_blocked, id=25940, stack(0x000000ffd4b00000,0x000000ffd4c00000) (1024K)]
  0x000002cf486e23c0 JavaThread "ForkJoinPool.commonPool-worker-9" daemon [_thread_blocked, id=11932, stack(0x000000ffd4c00000,0x000000ffd4d00000) (1024K)]
  0x000002cf486de8b0 JavaThread "ForkJoinPool.commonPool-worker-10" daemon [_thread_blocked, id=17948, stack(0x000000ffd4d00000,0x000000ffd4e00000) (1024K)]
  0x000002cf486def40 JavaThread "ForkJoinPool.commonPool-worker-11" daemon [_thread_blocked, id=22952, stack(0x000000ffd4e00000,0x000000ffd4f00000) (1024K)]
  0x000002cf479ce7a0 JavaThread "C2 CompilerThread1"         daemon [_thread_blocked, id=24916, stack(0x000000ffd4f00000,0x000000ffd5000000) (1024K)]
Total: 56

Other Threads:
  0x000002cf6771ea90 VMThread "VM Thread"                           [id=4912, stack(0x000000ffd0d00000,0x000000ffd0e00000) (1024K)]
  0x000002cf674eca00 WatcherThread "VM Periodic Task Thread"        [id=27152, stack(0x000000ffd0c00000,0x000000ffd0d00000) (1024K)]
  0x000002cf67683fc0 WorkerThread "GC Thread#0"                     [id=21352, stack(0x000000ffd0b00000,0x000000ffd0c00000) (1024K)]
  0x000002cf456ca190 WorkerThread "GC Thread#1"                     [id=15912, stack(0x000000ffd1800000,0x000000ffd1900000) (1024K)]
  0x000002cf45779610 WorkerThread "GC Thread#2"                     [id=16552, stack(0x000000ffd1900000,0x000000ffd1a00000) (1024K)]
  0x000002cf45710020 WorkerThread "GC Thread#3"                     [id=13336, stack(0x000000ffd1a00000,0x000000ffd1b00000) (1024K)]
  0x000002cf4560c250 WorkerThread "GC Thread#4"                     [id=25912, stack(0x000000ffd1b00000,0x000000ffd1c00000) (1024K)]
  0x000002cf4560c5f0 WorkerThread "GC Thread#5"                     [id=27300, stack(0x000000ffd1c00000,0x000000ffd1d00000) (1024K)]
  0x000002cf4560c990 WorkerThread "GC Thread#6"                     [id=23412, stack(0x000000ffd1d00000,0x000000ffd1e00000) (1024K)]
  0x000002cf45d79160 WorkerThread "GC Thread#7"                     [id=22096, stack(0x000000ffd2000000,0x000000ffd2100000) (1024K)]
  0x000002cf45dbc810 WorkerThread "GC Thread#8"                     [id=12680, stack(0x000000ffd2300000,0x000000ffd2400000) (1024K)]
  0x000002cf45aef5e0 WorkerThread "GC Thread#9"                     [id=11772, stack(0x000000ffd2400000,0x000000ffd2500000) (1024K)]
Total: 12

Threads with active compile tasks:
Total: 0

VM state: not at safepoint (normal execution)

VM Mutex/Monitor currently owned by a thread: None

Heap address: 0x0000000080000000, size: 2048 MB, Compressed Oops mode: 32-bit

CDS archive(s) mapped at: [0x000002cf00000000-0x000002cf00ba0000-0x000002cf00ba0000), size 12189696, SharedBaseAddress: 0x000002cf00000000, ArchiveRelocationMode: 1.
Compressed class space mapped at: 0x000002cf01000000-0x000002cf41000000, reserved size: 1073741824
Narrow klass base: 0x000002cf00000000, Narrow klass shift: 0, Narrow klass range: 0x100000000

GC Precious Log:
 CardTable entry size: 512
 CPUs: 12 total, 12 available
 Memory: 7484M
 Large Page Support: Disabled
 NUMA Support: Disabled
 Compressed Oops: Enabled (32-bit)
 Alignments: Space 512K, Generation 512K, Heap 2M
 Heap Min Capacity: 100M
 Heap Initial Capacity: 100M
 Heap Max Capacity: 2G
 Pre-touch: Disabled
 Parallel Workers: 10

Heap:
 PSYoungGen      total 5632K, used 2994K [0x00000000d5580000, 0x00000000d5c00000, 0x0000000100000000)
  eden space 5120K, 52% used [0x00000000d5580000,0x00000000d5824bf0,0x00000000d5a80000)
  from space 512K, 56% used [0x00000000d5b80000,0x00000000d5bc8000,0x00000000d5c00000)
  to   space 512K, 0% used [0x00000000d5b00000,0x00000000d5b00000,0x00000000d5b80000)
 ParOldGen       total 580096K, used 579786K [0x0000000080000000, 0x00000000a3680000, 0x00000000d5580000)
  object space 580096K, 99% used [0x0000000080000000,0x00000000a3632968,0x00000000a3680000)
 Metaspace       used 65134K, committed 66560K, reserved 1114112K
  class space    used 7455K, committed 8128K, reserved 1048576K

Card table byte_map: [0x000002cf67000000,0x000002cf67410000] _byte_map_base: 0x000002cf66c00000

Marking Bits: (ParMarkBitMap*) 0x00007ffe51522460
 Begin Bits: [0x000002cf79b10000, 0x000002cf7bb10000)
 End Bits:   [0x000002cf7bb10000, 0x000002cf7db10000)

Polling page: 0x000002cf654d0000

Metaspace:

Usage:
  Non-class:     56.33 MB used.
      Class:      7.28 MB used.
       Both:     63.61 MB used.

Virtual space:
  Non-class space:       64.00 MB reserved,      57.06 MB ( 89%) committed,  1 nodes.
      Class space:        1.00 GB reserved,       7.94 MB ( <1%) committed,  1 nodes.
             Both:        1.06 GB reserved,      65.00 MB (  6%) committed. 

Chunk freelists:
   Non-Class:  6.28 MB
       Class:  7.90 MB
        Both:  14.18 MB

MaxMetaspaceSize: unlimited
CompressedClassSpaceSize: 1.00 GB
Initial GC threshold: 21.00 MB
Current GC threshold: 97.31 MB
CDS: on
 - commit_granule_bytes: 65536.
 - commit_granule_words: 8192.
 - virtual_space_node_default_size: 8388608.
 - enlarge_chunks_in_place: 1.
 - use_allocation_guard: 0.


Internal statistics:

num_allocs_failed_limit: 9.
num_arena_births: 1074.
num_arena_deaths: 14.
num_vsnodes_births: 2.
num_vsnodes_deaths: 0.
num_space_committed: 1040.
num_space_uncommitted: 0.
num_chunks_returned_to_freelist: 23.
num_chunks_taken_from_freelist: 3720.
num_chunk_merges: 12.
num_chunk_splits: 2405.
num_chunks_enlarged: 1529.
num_inconsistent_stats: 0.

CodeHeap 'non-profiled nmethods': size=120000Kb used=5438Kb max_used=5438Kb free=114562Kb
 bounds [0x000002cf72330000, 0x000002cf72880000, 0x000002cf79860000]
CodeHeap 'profiled nmethods': size=120000Kb used=22361Kb max_used=22361Kb free=97638Kb
 bounds [0x000002cf6a860000, 0x000002cf6be40000, 0x000002cf71d90000]
CodeHeap 'non-nmethods': size=5760Kb used=1445Kb max_used=1492Kb free=4314Kb
 bounds [0x000002cf71d90000, 0x000002cf72000000, 0x000002cf72330000]
CodeCache: size=245760Kb, used=29244Kb, max_used=29291Kb, free=216514Kb
 total_blobs=11324, nmethods=10569, adapters=660, full_count=0
Compilation: enabled, stopped_count=0, restarted_count=0

Compilation events (20 events):
Event: 18.842 Thread 0x000002cf4500dea0 nmethod 10730 0x000002cf7287c190 code [0x000002cf7287c340, 0x000002cf7287c628]
Event: 18.842 Thread 0x000002cf479ce7a0 nmethod 11043 0x000002cf7287c810 code [0x000002cf7287c9a0, 0x000002cf7287ca78]
Event: 18.842 Thread 0x000002cf4500dea0 11059       4       org.eclipse.jdt.internal.core.JarPackageFragmentRoot::isExternal (11 bytes)
Event: 18.842 Thread 0x000002cf479ce7a0 11054       4       org.eclipse.jdt.internal.core.JavaProject::getPerProjectInfo (11 bytes)
Event: 18.844 Thread 0x000002cf4500dea0 nmethod 11059 0x000002cf7287cb90 code [0x000002cf7287cd40, 0x000002cf7287cf40]
Event: 18.844 Thread 0x000002cf4500dea0 11071       4       java.util.concurrent.atomic.AtomicLong::addAndGet (14 bytes)
Event: 18.845 Thread 0x000002cf4500dea0 nmethod 11071 0x000002cf7287d190 code [0x000002cf7287d320, 0x000002cf7287d3b8]
Event: 18.845 Thread 0x000002cf4500dea0 11005       4       org.eclipse.jdt.internal.core.JavaElement::escapeMementoName (6 bytes)
Event: 18.845 Thread 0x000002cf4500dea0 nmethod 11005 0x000002cf7287d490 code [0x000002cf7287d620, 0x000002cf7287d6d8]
Event: 18.845 Thread 0x000002cf4500dea0 11221       4       java.lang.Thread::onSpinWait (1 bytes)
Event: 18.845 Thread 0x000002cf4500dea0 nmethod 11221 0x000002cf7287d790 code [0x000002cf7287d900, 0x000002cf7287d968]
Event: 18.845 Thread 0x000002cf4500dea0 11130       4       jdk.internal.misc.Unsafe::putReferenceOpaque (9 bytes)
Event: 18.846 Thread 0x000002cf4500dea0 nmethod 11130 0x000002cf7287da90 code [0x000002cf7287dc20, 0x000002cf7287dcd0]
Event: 18.846 Thread 0x000002cf4500dea0 11194       4       java.util.concurrent.atomic.AtomicLong::compareAndSet (13 bytes)
Event: 18.846 Thread 0x000002cf4500dea0 nmethod 11194 0x000002cf7287dd90 code [0x000002cf7287df20, 0x000002cf7287dfc0]
Event: 18.846 Thread 0x000002cf4500dea0 11336       4       sun.nio.fs.WindowsFileSystemProvider::getPath (9 bytes)
Event: 18.846 Thread 0x000002cf4500dea0 nmethod 11336 0x000002cf7287e090 code [0x000002cf7287e220, 0x000002cf7287e2d8]
Event: 18.846 Thread 0x000002cf4500dea0 11337       4       java.util.concurrent.atomic.AtomicLong::incrementAndGet (14 bytes)
Event: 18.847 Thread 0x000002cf4500dea0 nmethod 11337 0x000002cf7287e390 code [0x000002cf7287e520, 0x000002cf7287e5b8]
Event: 18.848 Thread 0x000002cf479ce7a0 nmethod 11054 0x000002cf7287e690 code [0x000002cf7287e8c0, 0x000002cf7287f118]

GC Heap History (20 events):
Event: 18.136 GC heap before
{Heap before GC invocations=632 (full 3):
 PSYoungGen      total 4608K, used 4448K [0x00000000d5580000, 0x00000000d5c00000, 0x0000000100000000)
  eden space 4096K, 100% used [0x00000000d5580000,0x00000000d5980000,0x00000000d5980000)
  from space 512K, 68% used [0x00000000d5b80000,0x00000000d5bd8000,0x00000000d5c00000)
  to   space 1024K, 0% used [0x00000000d5a00000,0x00000000d5a00000,0x00000000d5b00000)
 ParOldGen       total 576512K, used 576455K [0x0000000080000000, 0x00000000a3300000, 0x00000000d5580000)
  object space 576512K, 99% used [0x0000000080000000,0x00000000a32f1f98,0x00000000a3300000)
 Metaspace       used 64928K, committed 66368K, reserved 1114112K
  class space    used 7452K, committed 8128K, reserved 1048576K
}
Event: 18.138 GC heap after
{Heap after GC invocations=632 (full 3):
 PSYoungGen      total 5120K, used 416K [0x00000000d5580000, 0x00000000d5c00000, 0x0000000100000000)
  eden space 4096K, 0% used [0x00000000d5580000,0x00000000d5580000,0x00000000d5980000)
  from space 1024K, 40% used [0x00000000d5a00000,0x00000000d5a68020,0x00000000d5b00000)
  to   space 512K, 0% used [0x00000000d5b80000,0x00000000d5b80000,0x00000000d5c00000)
 ParOldGen       total 577024K, used 576607K [0x0000000080000000, 0x00000000a3380000, 0x00000000d5580000)
  object space 577024K, 99% used [0x0000000080000000,0x00000000a3317f98,0x00000000a3380000)
 Metaspace       used 64928K, committed 66368K, reserved 1114112K
  class space    used 7452K, committed 8128K, reserved 1048576K
}
Event: 18.147 GC heap before
{Heap before GC invocations=633 (full 3):
 PSYoungGen      total 5120K, used 4512K [0x00000000d5580000, 0x00000000d5c00000, 0x0000000100000000)
  eden space 4096K, 100% used [0x00000000d5580000,0x00000000d5980000,0x00000000d5980000)
  from space 1024K, 40% used [0x00000000d5a00000,0x00000000d5a68020,0x00000000d5b00000)
  to   space 512K, 0% used [0x00000000d5b80000,0x00000000d5b80000,0x00000000d5c00000)
 ParOldGen       total 577024K, used 576607K [0x0000000080000000, 0x00000000a3380000, 0x00000000d5580000)
  object space 577024K, 99% used [0x0000000080000000,0x00000000a3317f98,0x00000000a3380000)
 Metaspace       used 64929K, committed 66368K, reserved 1114112K
  class space    used 7452K, committed 8128K, reserved 1048576K
}
Event: 18.169 GC heap after
{Heap after GC invocations=633 (full 3):
 PSYoungGen      total 5632K, used 480K [0x00000000d5580000, 0x00000000d5c80000, 0x0000000100000000)
  eden space 5120K, 0% used [0x00000000d5580000,0x00000000d5580000,0x00000000d5a80000)
  from space 512K, 93% used [0x00000000d5b80000,0x00000000d5bf8020,0x00000000d5c00000)
  to   space 1024K, 0% used [0x00000000d5a80000,0x00000000d5a80000,0x00000000d5b80000)
 ParOldGen       total 577024K, used 576999K [0x0000000080000000, 0x00000000a3380000, 0x00000000d5580000)
  object space 577024K, 99% used [0x0000000080000000,0x00000000a3379ff8,0x00000000a3380000)
 Metaspace       used 64929K, committed 66368K, reserved 1114112K
  class space    used 7452K, committed 8128K, reserved 1048576K
}
Event: 18.184 GC heap before
{Heap before GC invocations=634 (full 3):
 PSYoungGen      total 5632K, used 5600K [0x00000000d5580000, 0x00000000d5c80000, 0x0000000100000000)
  eden space 5120K, 99% used [0x00000000d5580000,0x00000000d5a7fff0,0x00000000d5a80000)
  from space 512K, 93% used [0x00000000d5b80000,0x00000000d5bf8020,0x00000000d5c00000)
  to   space 1024K, 0% used [0x00000000d5a80000,0x00000000d5a80000,0x00000000d5b80000)
 ParOldGen       total 577024K, used 576999K [0x0000000080000000, 0x00000000a3380000, 0x00000000d5580000)
  object space 577024K, 99% used [0x0000000080000000,0x00000000a3379ff8,0x00000000a3380000)
 Metaspace       used 64954K, committed 66432K, reserved 1114112K
  class space    used 7454K, committed 8128K, reserved 1048576K
}
Event: 18.185 GC heap after
{Heap after GC invocations=634 (full 3):
 PSYoungGen      total 6144K, used 704K [0x00000000d5580000, 0x00000000d5d80000, 0x0000000100000000)
  eden space 5120K, 0% used [0x00000000d5580000,0x00000000d5580000,0x00000000d5a80000)
  from space 1024K, 68% used [0x00000000d5a80000,0x00000000d5b30040,0x00000000d5b80000)
  to   space 1024K, 0% used [0x00000000d5c80000,0x00000000d5c80000,0x00000000d5d80000)
 ParOldGen       total 577536K, used 577296K [0x0000000080000000, 0x00000000a3400000, 0x00000000d5580000)
  object space 577536K, 99% used [0x0000000080000000,0x00000000a33c4018,0x00000000a3400000)
 Metaspace       used 64954K, committed 66432K, reserved 1114112K
  class space    used 7454K, committed 8128K, reserved 1048576K
}
Event: 18.206 GC heap before
{Heap before GC invocations=635 (full 3):
 PSYoungGen      total 6144K, used 5824K [0x00000000d5580000, 0x00000000d5d80000, 0x0000000100000000)
  eden space 5120K, 99% used [0x00000000d5580000,0x00000000d5a7ffe8,0x00000000d5a80000)
  from space 1024K, 68% used [0x00000000d5a80000,0x00000000d5b30040,0x00000000d5b80000)
  to   space 1024K, 0% used [0x00000000d5c80000,0x00000000d5c80000,0x00000000d5d80000)
 ParOldGen       total 577536K, used 577296K [0x0000000080000000, 0x00000000a3400000, 0x00000000d5580000)
  object space 577536K, 99% used [0x0000000080000000,0x00000000a33c4018,0x00000000a3400000)
 Metaspace       used 64980K, committed 66432K, reserved 1114112K
  class space    used 7454K, committed 8128K, reserved 1048576K
}
Event: 18.207 GC heap after
{Heap after GC invocations=635 (full 3):
 PSYoungGen      total 6144K, used 876K [0x00000000d5580000, 0x00000000d5d80000, 0x0000000100000000)
  eden space 5120K, 0% used [0x00000000d5580000,0x00000000d5580000,0x00000000d5a80000)
  from space 1024K, 85% used [0x00000000d5c80000,0x00000000d5d5b080,0x00000000d5d80000)
  to   space 1024K, 0% used [0x00000000d5a80000,0x00000000d5a80000,0x00000000d5b80000)
 ParOldGen       total 578048K, used 577816K [0x0000000080000000, 0x00000000a3480000, 0x00000000d5580000)
  object space 578048K, 99% used [0x0000000080000000,0x00000000a3446058,0x00000000a3480000)
 Metaspace       used 64980K, committed 66432K, reserved 1114112K
  class space    used 7454K, committed 8128K, reserved 1048576K
}
Event: 18.251 GC heap before
{Heap before GC invocations=636 (full 3):
 PSYoungGen      total 6144K, used 5996K [0x00000000d5580000, 0x00000000d5d80000, 0x0000000100000000)
  eden space 5120K, 100% used [0x00000000d5580000,0x00000000d5a80000,0x00000000d5a80000)
  from space 1024K, 85% used [0x00000000d5c80000,0x00000000d5d5b080,0x00000000d5d80000)
  to   space 1024K, 0% used [0x00000000d5a80000,0x00000000d5a80000,0x00000000d5b80000)
 ParOldGen       total 578048K, used 577816K [0x0000000080000000, 0x00000000a3480000, 0x00000000d5580000)
  object space 578048K, 99% used [0x0000000080000000,0x00000000a3446058,0x00000000a3480000)
 Metaspace       used 64998K, committed 66432K, reserved 1114112K
  class space    used 7454K, committed 8128K, reserved 1048576K
}
Event: 18.252 GC heap after
{Heap after GC invocations=636 (full 3):
 PSYoungGen      total 6144K, used 740K [0x00000000d5580000, 0x00000000d5d00000, 0x0000000100000000)
  eden space 5120K, 0% used [0x00000000d5580000,0x00000000d5580000,0x00000000d5a80000)
  from space 1024K, 72% used [0x00000000d5a80000,0x00000000d5b39038,0x00000000d5b80000)
  to   space 1024K, 0% used [0x00000000d5c00000,0x00000000d5c00000,0x00000000d5d00000)
 ParOldGen       total 578560K, used 578368K [0x0000000080000000, 0x00000000a3500000, 0x00000000d5580000)
  object space 578560K, 99% used [0x0000000080000000,0x00000000a34d00c8,0x00000000a3500000)
 Metaspace       used 64998K, committed 66432K, reserved 1114112K
  class space    used 7454K, committed 8128K, reserved 1048576K
}
Event: 18.263 GC heap before
{Heap before GC invocations=637 (full 3):
 PSYoungGen      total 6144K, used 5860K [0x00000000d5580000, 0x00000000d5d00000, 0x0000000100000000)
  eden space 5120K, 99% used [0x00000000d5580000,0x00000000d5a7ffe0,0x00000000d5a80000)
  from space 1024K, 72% used [0x00000000d5a80000,0x00000000d5b39038,0x00000000d5b80000)
  to   space 1024K, 0% used [0x00000000d5c00000,0x00000000d5c00000,0x00000000d5d00000)
 ParOldGen       total 578560K, used 578368K [0x0000000080000000, 0x00000000a3500000, 0x00000000d5580000)
  object space 578560K, 99% used [0x0000000080000000,0x00000000a34d00c8,0x00000000a3500000)
 Metaspace       used 65005K, committed 66432K, reserved 1114112K
  class space    used 7454K, committed 8128K, reserved 1048576K
}
Event: 18.264 GC heap after
{Heap after GC invocations=637 (full 3):
 PSYoungGen      total 6144K, used 840K [0x00000000d5580000, 0x00000000d5d00000, 0x0000000100000000)
  eden space 5120K, 0% used [0x00000000d5580000,0x00000000d5580000,0x00000000d5a80000)
  from space 1024K, 82% used [0x00000000d5c00000,0x00000000d5cd2298,0x00000000d5d00000)
  to   space 1024K, 0% used [0x00000000d5a80000,0x00000000d5a80000,0x00000000d5b80000)
 ParOldGen       total 579072K, used 578752K [0x0000000080000000, 0x00000000a3580000, 0x00000000d5580000)
  object space 579072K, 99% used [0x0000000080000000,0x00000000a35300d8,0x00000000a3580000)
 Metaspace       used 65005K, committed 66432K, reserved 1114112K
  class space    used 7454K, committed 8128K, reserved 1048576K
}
Event: 18.285 GC heap before
{Heap before GC invocations=638 (full 3):
 PSYoungGen      total 6144K, used 5960K [0x00000000d5580000, 0x00000000d5d00000, 0x0000000100000000)
  eden space 5120K, 100% used [0x00000000d5580000,0x00000000d5a80000,0x00000000d5a80000)
  from space 1024K, 82% used [0x00000000d5c00000,0x00000000d5cd2298,0x00000000d5d00000)
  to   space 1024K, 0% used [0x00000000d5a80000,0x00000000d5a80000,0x00000000d5b80000)
 ParOldGen       total 579072K, used 578752K [0x0000000080000000, 0x00000000a3580000, 0x00000000d5580000)
  object space 579072K, 99% used [0x0000000080000000,0x00000000a35300d8,0x00000000a3580000)
 Metaspace       used 65025K, committed 66432K, reserved 1114112K
  class space    used 7454K, committed 8128K, reserved 1048576K
}
Event: 18.286 GC heap after
{Heap after GC invocations=638 (full 3):
 PSYoungGen      total 6144K, used 862K [0x00000000d5580000, 0x00000000d5c80000, 0x0000000100000000)
  eden space 5120K, 0% used [0x00000000d5580000,0x00000000d5580000,0x00000000d5a80000)
  from space 1024K, 84% used [0x00000000d5a80000,0x00000000d5b57858,0x00000000d5b80000)
  to   space 1024K, 0% used [0x00000000d5b80000,0x00000000d5b80000,0x00000000d5c80000)
 ParOldGen       total 579584K, used 579114K [0x0000000080000000, 0x00000000a3600000, 0x00000000d5580000)
  object space 579584K, 99% used [0x0000000080000000,0x00000000a358a938,0x00000000a3600000)
 Metaspace       used 65025K, committed 66432K, reserved 1114112K
  class space    used 7454K, committed 8128K, reserved 1048576K
}
Event: 18.343 GC heap before
{Heap before GC invocations=639 (full 3):
 PSYoungGen      total 6144K, used 5982K [0x00000000d5580000, 0x00000000d5c80000, 0x0000000100000000)
  eden space 5120K, 100% used [0x00000000d5580000,0x00000000d5a80000,0x00000000d5a80000)
  from space 1024K, 84% used [0x00000000d5a80000,0x00000000d5b57858,0x00000000d5b80000)
  to   space 1024K, 0% used [0x00000000d5b80000,0x00000000d5b80000,0x00000000d5c80000)
 ParOldGen       total 579584K, used 579114K [0x0000000080000000, 0x00000000a3600000, 0x00000000d5580000)
  object space 579584K, 99% used [0x0000000080000000,0x00000000a358a938,0x00000000a3600000)
 Metaspace       used 65064K, committed 66496K, reserved 1114112K
  class space    used 7454K, committed 8128K, reserved 1048576K
}
Event: 18.345 GC heap after
{Heap after GC invocations=639 (full 3):
 PSYoungGen      total 6144K, used 320K [0x00000000d5580000, 0x00000000d5c80000, 0x0000000100000000)
  eden space 5120K, 0% used [0x00000000d5580000,0x00000000d5580000,0x00000000d5a80000)
  from space 1024K, 31% used [0x00000000d5b80000,0x00000000d5bd0000,0x00000000d5c80000)
  to   space 1024K, 0% used [0x00000000d5a80000,0x00000000d5a80000,0x00000000d5b80000)
 ParOldGen       total 580096K, used 579650K [0x0000000080000000, 0x00000000a3680000, 0x00000000d5580000)
  object space 580096K, 99% used [0x0000000080000000,0x00000000a3610968,0x00000000a3680000)
 Metaspace       used 65064K, committed 66496K, reserved 1114112K
  class space    used 7454K, committed 8128K, reserved 1048576K
}
Event: 18.400 GC heap before
{Heap before GC invocations=640 (full 3):
 PSYoungGen      total 6144K, used 5440K [0x00000000d5580000, 0x00000000d5c80000, 0x0000000100000000)
  eden space 5120K, 100% used [0x00000000d5580000,0x00000000d5a80000,0x00000000d5a80000)
  from space 1024K, 31% used [0x00000000d5b80000,0x00000000d5bd0000,0x00000000d5c80000)
  to   space 1024K, 0% used [0x00000000d5a80000,0x00000000d5a80000,0x00000000d5b80000)
 ParOldGen       total 580096K, used 579650K [0x0000000080000000, 0x00000000a3680000, 0x00000000d5580000)
  object space 580096K, 99% used [0x0000000080000000,0x00000000a3610968,0x00000000a3680000)
 Metaspace       used 65097K, committed 66496K, reserved 1114112K
  class space    used 7455K, committed 8128K, reserved 1048576K
}
Event: 18.402 GC heap after
{Heap after GC invocations=640 (full 3):
 PSYoungGen      total 6144K, used 288K [0x00000000d5580000, 0x00000000d5c00000, 0x0000000100000000)
  eden space 5120K, 0% used [0x00000000d5580000,0x00000000d5580000,0x00000000d5a80000)
  from space 1024K, 28% used [0x00000000d5a80000,0x00000000d5ac8000,0x00000000d5b80000)
  to   space 512K, 0% used [0x00000000d5b80000,0x00000000d5b80000,0x00000000d5c00000)
 ParOldGen       total 580096K, used 579714K [0x0000000080000000, 0x00000000a3680000, 0x00000000d5580000)
  object space 580096K, 99% used [0x0000000080000000,0x00000000a3620968,0x00000000a3680000)
 Metaspace       used 65097K, committed 66496K, reserved 1114112K
  class space    used 7455K, committed 8128K, reserved 1048576K
}
Event: 18.457 GC heap before
{Heap before GC invocations=641 (full 3):
 PSYoungGen      total 6144K, used 5408K [0x00000000d5580000, 0x00000000d5c00000, 0x0000000100000000)
  eden space 5120K, 100% used [0x00000000d5580000,0x00000000d5a80000,0x00000000d5a80000)
  from space 1024K, 28% used [0x00000000d5a80000,0x00000000d5ac8000,0x00000000d5b80000)
  to   space 512K, 0% used [0x00000000d5b80000,0x00000000d5b80000,0x00000000d5c00000)
 ParOldGen       total 580096K, used 579714K [0x0000000080000000, 0x00000000a3680000, 0x00000000d5580000)
  object space 580096K, 99% used [0x0000000080000000,0x00000000a3620968,0x00000000a3680000)
 Metaspace       used 65127K, committed 66560K, reserved 1114112K
  class space    used 7455K, committed 8128K, reserved 1048576K
}
Event: 18.458 GC heap after
{Heap after GC invocations=641 (full 3):
 PSYoungGen      total 5632K, used 288K [0x00000000d5580000, 0x00000000d5c00000, 0x0000000100000000)
  eden space 5120K, 0% used [0x00000000d5580000,0x00000000d5580000,0x00000000d5a80000)
  from space 512K, 56% used [0x00000000d5b80000,0x00000000d5bc8000,0x00000000d5c00000)
  to   space 512K, 0% used [0x00000000d5b00000,0x00000000d5b00000,0x00000000d5b80000)
 ParOldGen       total 580096K, used 579786K [0x0000000080000000, 0x00000000a3680000, 0x00000000d5580000)
  object space 580096K, 99% used [0x0000000080000000,0x00000000a3632968,0x00000000a3680000)
 Metaspace       used 65127K, committed 66560K, reserved 1114112K
  class space    used 7455K, committed 8128K, reserved 1048576K
}

Dll operation events (15 events):
Event: 0.015 Loaded shared library c:\Users\ivasa\.cursor\extensions\redhat.java-1.49.0-win32-x64\jre\21.0.9-win32-x86_64\bin\java.dll
Event: 0.158 Loaded shared library c:\Users\ivasa\.cursor\extensions\redhat.java-1.49.0-win32-x64\jre\21.0.9-win32-x86_64\bin\zip.dll
Event: 0.186 Loaded shared library C:\Users\ivasa\.cursor\extensions\redhat.java-1.49.0-win32-x64\jre\21.0.9-win32-x86_64\bin\instrument.dll
Event: 0.202 Loaded shared library C:\Users\ivasa\.cursor\extensions\redhat.java-1.49.0-win32-x64\jre\21.0.9-win32-x86_64\bin\net.dll
Event: 0.204 Loaded shared library C:\Users\ivasa\.cursor\extensions\redhat.java-1.49.0-win32-x64\jre\21.0.9-win32-x86_64\bin\nio.dll
Event: 0.211 Loaded shared library C:\Users\ivasa\.cursor\extensions\redhat.java-1.49.0-win32-x64\jre\21.0.9-win32-x86_64\bin\zip.dll
Event: 0.235 Loaded shared library C:\Users\ivasa\.cursor\extensions\redhat.java-1.49.0-win32-x64\jre\21.0.9-win32-x86_64\bin\jimage.dll
Event: 0.373 Loaded shared library c:\Users\ivasa\.cursor\extensions\redhat.java-1.49.0-win32-x64\jre\21.0.9-win32-x86_64\bin\verify.dll
Event: 1.903 Loaded shared library C:\Users\ivasa\AppData\Roaming\Cursor\User\globalStorage\redhat.java\1.49.0\config_win\org.eclipse.equinox.launcher\org.eclipse.equinox.launcher.win32.win32.x86_64_1.2.1400.v20250801-0854\eclipse_11916.dll
Event: 4.929 Loaded shared library C:\Users\ivasa\AppData\Local\Temp\jna-100581922\jna10793565392774977950.dll
Event: 9.267 Loaded shared library C:\Users\ivasa\.gradle\native\1def1411415f61bf3af743bc5b6707747c0891f09f0c88961ee8f79bc544acac\windows-amd64\native-platform.dll
Event: 10.568 Loaded shared library C:\Users\ivasa\.cursor\extensions\redhat.java-1.49.0-win32-x64\jre\21.0.9-win32-x86_64\bin\management.dll
Event: 10.571 Loaded shared library C:\Users\ivasa\.cursor\extensions\redhat.java-1.49.0-win32-x64\jre\21.0.9-win32-x86_64\bin\management_ext.dll
Event: 10.719 Loaded shared library C:\Users\ivasa\.cursor\extensions\redhat.java-1.49.0-win32-x64\jre\21.0.9-win32-x86_64\bin\sunmscapi.dll
Event: 11.065 Loaded shared library C:\Users\ivasa\.cursor\extensions\redhat.java-1.49.0-win32-x64\jre\21.0.9-win32-x86_64\bin\extnet.dll

Deoptimization events (20 events):
Event: 18.094 Thread 0x000002cf486e1010 DEOPT PACKING pc=0x000002cf6bd043c3 sp=0x000000ffd49fe8c0
Event: 18.094 Thread 0x000002cf486e1010 DEOPT UNPACKING pc=0x000002cf71de4242 sp=0x000000ffd49fddb8 mode 0
Event: 18.102 Thread 0x000002cf486df5d0 DEOPT PACKING pc=0x000002cf6bbb45c1 sp=0x000000ffd46fe550
Event: 18.102 Thread 0x000002cf486df5d0 DEOPT UNPACKING pc=0x000002cf71de4242 sp=0x000000ffd46fda30 mode 0
Event: 18.103 Thread 0x000002cf486de8b0 DEOPT PACKING pc=0x000002cf6baf414c sp=0x000000ffd4dfeee0
Event: 18.103 Thread 0x000002cf486de8b0 DEOPT UNPACKING pc=0x000002cf71de4242 sp=0x000000ffd4dfe400 mode 0
Event: 18.105 Thread 0x000002cf486de8b0 DEOPT PACKING pc=0x000002cf6bbb45c1 sp=0x000000ffd4dfe6e0
Event: 18.106 Thread 0x000002cf486de8b0 DEOPT UNPACKING pc=0x000002cf71de4242 sp=0x000000ffd4dfdbc0 mode 0
Event: 18.112 Thread 0x000002cf486e16a0 DEOPT PACKING pc=0x000002cf6bbb45c1 sp=0x000000ffd45fe510
Event: 18.112 Thread 0x000002cf486e16a0 DEOPT UNPACKING pc=0x000002cf71de4242 sp=0x000000ffd45fd9f0 mode 0
Event: 18.134 Thread 0x000002cf486e3e00 DEOPT PACKING pc=0x000002cf6a919839 sp=0x000000ffd48fe850
Event: 18.134 Thread 0x000002cf486e3e00 DEOPT UNPACKING pc=0x000002cf71de4242 sp=0x000000ffd48fdd50 mode 0
Event: 18.139 Thread 0x000002cf486e3e00 Uncommon trap: trap_request=0xffffff45 fr.pc=0x000002cf72597d18 relative=0x0000000000000258
Event: 18.139 Thread 0x000002cf486e3e00 Uncommon trap: reason=unstable_if action=reinterpret pc=0x000002cf72597d18 method=org.eclipse.core.runtime.Path.equals(Ljava/lang/Object;)Z @ 36 c2
Event: 18.139 Thread 0x000002cf486e3e00 DEOPT PACKING pc=0x000002cf72597d18 sp=0x000000ffd48febd0
Event: 18.139 Thread 0x000002cf486e3e00 DEOPT UNPACKING pc=0x000002cf71de3aa2 sp=0x000000ffd48feb58 mode 2
Event: 18.181 Thread 0x000002cf486e16a0 DEOPT PACKING pc=0x000002cf6a919839 sp=0x000000ffd45fe670
Event: 18.181 Thread 0x000002cf486e16a0 DEOPT UNPACKING pc=0x000002cf71de4242 sp=0x000000ffd45fdb70 mode 0
Event: 18.298 Thread 0x000002cf486e1010 DEOPT PACKING pc=0x000002cf6bce8781 sp=0x000000ffd49fe240
Event: 18.298 Thread 0x000002cf486e1010 DEOPT UNPACKING pc=0x000002cf71de4242 sp=0x000000ffd49fd760 mode 0

Classes loaded (20 events):
Event: 12.587 Loading class java/lang/Throwable$PrintStreamOrWriter done
Event: 12.587 Loading class java/lang/Throwable$WrappedPrintWriter done
Event: 13.624 Loading class java/security/DigestInputStream
Event: 13.624 Loading class java/security/DigestInputStream done
Event: 17.714 Loading class java/util/concurrent/CompletableFuture$UniApply
Event: 17.715 Loading class java/util/concurrent/CompletableFuture$UniApply done
Event: 17.720 Loading class java/util/concurrent/ForkJoinTask$AdaptedCallable
Event: 17.720 Loading class java/util/concurrent/ForkJoinTask$AdaptedCallable done
Event: 17.720 Loading class java/util/concurrent/CompletableFuture$UniExceptionally
Event: 17.721 Loading class java/util/concurrent/CompletableFuture$UniExceptionally done
Event: 17.925 Loading class java/util/regex/PatternSyntaxException
Event: 17.927 Loading class java/util/regex/PatternSyntaxException done
Event: 17.985 Loading class java/util/ArrayDeque$DeqSpliterator
Event: 17.985 Loading class java/util/ArrayDeque$DeqSpliterator done
Event: 18.019 Loading class java/util/AbstractList$RandomAccessSubList
Event: 18.019 Loading class java/util/AbstractList$SubList
Event: 18.020 Loading class java/util/AbstractList$SubList done
Event: 18.020 Loading class java/util/AbstractList$RandomAccessSubList done
Event: 18.020 Loading class java/util/AbstractList$SubList$1
Event: 18.020 Loading class java/util/AbstractList$SubList$1 done

Classes unloaded (7 events):
Event: 5.515 Thread 0x000002cf6771ea90 Unloading class 0x000002cf011ad400 'java/lang/invoke/LambdaForm$MH+0x000002cf011ad400'
Event: 5.515 Thread 0x000002cf6771ea90 Unloading class 0x000002cf011ad000 'java/lang/invoke/LambdaForm$MH+0x000002cf011ad000'
Event: 5.515 Thread 0x000002cf6771ea90 Unloading class 0x000002cf011acc00 'java/lang/invoke/LambdaForm$MH+0x000002cf011acc00'
Event: 5.515 Thread 0x000002cf6771ea90 Unloading class 0x000002cf011ac800 'java/lang/invoke/LambdaForm$MH+0x000002cf011ac800'
Event: 5.515 Thread 0x000002cf6771ea90 Unloading class 0x000002cf011ac400 'java/lang/invoke/LambdaForm$BMH+0x000002cf011ac400'
Event: 5.515 Thread 0x000002cf6771ea90 Unloading class 0x000002cf011ac000 'java/lang/invoke/LambdaForm$DMH+0x000002cf011ac000'
Event: 5.515 Thread 0x000002cf6771ea90 Unloading class 0x000002cf011aac00 'java/lang/invoke/LambdaForm$DMH+0x000002cf011aac00'

Classes redefined (0 events):
No events

Internal exceptions (20 events):
Event: 18.482 Thread 0x000002cf486e1010 Exception <a 'sun/nio/fs/WindowsException'{0x00000000d57b2228}> (0x00000000d57b2228) 
thrown [s\src\hotspot\share\prims\jni.cpp, line 520]
Event: 18.482 Thread 0x000002cf486e1010 Exception <a 'sun/nio/fs/WindowsException'{0x00000000d57b2b28}> (0x00000000d57b2b28) 
thrown [s\src\hotspot\share\prims\jni.cpp, line 520]
Event: 18.482 Thread 0x000002cf486e1010 Exception <a 'sun/nio/fs/WindowsException'{0x00000000d57b3dd0}> (0x00000000d57b3dd0) 
thrown [s\src\hotspot\share\prims\jni.cpp, line 520]
Event: 18.482 Thread 0x000002cf486e1010 Exception <a 'sun/nio/fs/WindowsException'{0x00000000d57b4758}> (0x00000000d57b4758) 
thrown [s\src\hotspot\share\prims\jni.cpp, line 520]
Event: 18.482 Thread 0x000002cf486e1010 Exception <a 'sun/nio/fs/WindowsException'{0x00000000d57b5a68}> (0x00000000d57b5a68) 
thrown [s\src\hotspot\share\prims\jni.cpp, line 520]
Event: 18.482 Thread 0x000002cf486e1010 Exception <a 'sun/nio/fs/WindowsException'{0x00000000d57b63f0}> (0x00000000d57b63f0) 
thrown [s\src\hotspot\share\prims\jni.cpp, line 520]
Event: 18.483 Thread 0x000002cf486e1010 Exception <a 'sun/nio/fs/WindowsException'{0x00000000d57b7ea0}> (0x00000000d57b7ea0) 
thrown [s\src\hotspot\share\prims\jni.cpp, line 520]
Event: 18.483 Thread 0x000002cf486e1010 Exception <a 'sun/nio/fs/WindowsException'{0x00000000d57b89a0}> (0x00000000d57b89a0) 
thrown [s\src\hotspot\share\prims\jni.cpp, line 520]
Event: 18.483 Thread 0x000002cf486e1010 Exception <a 'sun/nio/fs/WindowsException'{0x00000000d57b9d88}> (0x00000000d57b9d88) 
thrown [s\src\hotspot\share\prims\jni.cpp, line 520]
Event: 18.483 Thread 0x000002cf486e1010 Exception <a 'sun/nio/fs/WindowsException'{0x00000000d57ba688}> (0x00000000d57ba688) 
thrown [s\src\hotspot\share\prims\jni.cpp, line 520]
Event: 18.483 Thread 0x000002cf486e1010 Exception <a 'sun/nio/fs/WindowsException'{0x00000000d57bb930}> (0x00000000d57bb930) 
thrown [s\src\hotspot\share\prims\jni.cpp, line 520]
Event: 18.483 Thread 0x000002cf486e1010 Exception <a 'sun/nio/fs/WindowsException'{0x00000000d57bc2b8}> (0x00000000d57bc2b8) 
thrown [s\src\hotspot\share\prims\jni.cpp, line 520]
Event: 18.483 Thread 0x000002cf486e1010 Exception <a 'sun/nio/fs/WindowsException'{0x00000000d57bd5c8}> (0x00000000d57bd5c8) 
thrown [s\src\hotspot\share\prims\jni.cpp, line 520]
Event: 18.483 Thread 0x000002cf486e1010 Exception <a 'sun/nio/fs/WindowsException'{0x00000000d57bdf50}> (0x00000000d57bdf50) 
thrown [s\src\hotspot\share\prims\jni.cpp, line 520]
Event: 18.484 Thread 0x000002cf486e1010 Exception <a 'sun/nio/fs/WindowsException'{0x00000000d57c0a40}> (0x00000000d57c0a40) 
thrown [s\src\hotspot\share\prims\jni.cpp, line 520]
Event: 18.484 Thread 0x000002cf486e1010 Exception <a 'sun/nio/fs/WindowsException'{0x00000000d57c1540}> (0x00000000d57c1540) 
thrown [s\src\hotspot\share\prims\jni.cpp, line 520]
Event: 18.484 Thread 0x000002cf486e1010 Exception <a 'sun/nio/fs/WindowsException'{0x00000000d57c2b68}> (0x00000000d57c2b68) 
thrown [s\src\hotspot\share\prims\jni.cpp, line 520]
Event: 18.484 Thread 0x000002cf486e1010 Exception <a 'sun/nio/fs/WindowsException'{0x00000000d57c3468}> (0x00000000d57c3468) 
thrown [s\src\hotspot\share\prims\jni.cpp, line 520]
Event: 18.484 Thread 0x000002cf486e1010 Exception <a 'sun/nio/fs/WindowsException'{0x00000000d57c4710}> (0x00000000d57c4710) 
thrown [s\src\hotspot\share\prims\jni.cpp, line 520]
Event: 18.484 Thread 0x000002cf486e1010 Exception <a 'sun/nio/fs/WindowsException'{0x00000000d57c5098}> (0x00000000d57c5098) 
thrown [s\src\hotspot\share\prims\jni.cpp, line 520]

ZGC Phase Switch (0 events):
No events

VM Operations (20 events):
Event: 18.147 Executing VM operation: ParallelGCFailedAllocation (Allocation Failure)
Event: 18.169 Executing VM operation: ParallelGCFailedAllocation (Allocation Failure) done
Event: 18.184 Executing VM operation: ParallelGCFailedAllocation (Allocation Failure)
Event: 18.185 Executing VM operation: ParallelGCFailedAllocation (Allocation Failure) done
Event: 18.206 Executing VM operation: ParallelGCFailedAllocation (Allocation Failure)
Event: 18.208 Executing VM operation: ParallelGCFailedAllocation (Allocation Failure) done
Event: 18.251 Executing VM operation: ParallelGCFailedAllocation (Allocation Failure)
Event: 18.252 Executing VM operation: ParallelGCFailedAllocation (Allocation Failure) done
Event: 18.263 Executing VM operation: ParallelGCFailedAllocation (Allocation Failure)
Event: 18.265 Executing VM operation: ParallelGCFailedAllocation (Allocation Failure) done
Event: 18.285 Executing VM operation: ParallelGCFailedAllocation (Allocation Failure)
Event: 18.286 Executing VM operation: ParallelGCFailedAllocation (Allocation Failure) done
Event: 18.343 Executing VM operation: ParallelGCFailedAllocation (Allocation Failure)
Event: 18.345 Executing VM operation: ParallelGCFailedAllocation (Allocation Failure) done
Event: 18.400 Executing VM operation: ParallelGCFailedAllocation (Allocation Failure)
Event: 18.402 Executing VM operation: ParallelGCFailedAllocation (Allocation Failure) done
Event: 18.457 Executing VM operation: ParallelGCFailedAllocation (Allocation Failure)
Event: 18.458 Executing VM operation: ParallelGCFailedAllocation (Allocation Failure) done
Event: 20.458 Executing VM operation: Cleanup
Event: 20.458 Executing VM operation: Cleanup done

Memory protections (0 events):
No events

Nmethod flushes (20 events):
Event: 10.922 Thread 0x000002cf6771ea90 flushing  nmethod 0x000002cf6b19af10
Event: 10.922 Thread 0x000002cf6771ea90 flushing  nmethod 0x000002cf6b19b890
Event: 10.922 Thread 0x000002cf6771ea90 flushing  nmethod 0x000002cf6b1ae610
Event: 10.922 Thread 0x000002cf6771ea90 flushing  nmethod 0x000002cf6b1c4b10
Event: 10.922 Thread 0x000002cf6771ea90 flushing  nmethod 0x000002cf6b1c5810
Event: 10.922 Thread 0x000002cf6771ea90 flushing  nmethod 0x000002cf6b1c6d10
Event: 10.922 Thread 0x000002cf6771ea90 flushing  nmethod 0x000002cf6b1c8390
Event: 10.922 Thread 0x000002cf6771ea90 flushing  nmethod 0x000002cf6b1cf790
Event: 10.922 Thread 0x000002cf6771ea90 flushing  nmethod 0x000002cf6b1d0710
Event: 10.922 Thread 0x000002cf6771ea90 flushing  nmethod 0x000002cf6b1d3410
Event: 10.922 Thread 0x000002cf6771ea90 flushing  nmethod 0x000002cf6b1d4490
Event: 10.922 Thread 0x000002cf6771ea90 flushing  nmethod 0x000002cf6b1d5d90
Event: 10.922 Thread 0x000002cf6771ea90 flushing  nmethod 0x000002cf6b1d8e10
Event: 10.922 Thread 0x000002cf6771ea90 flushing  nmethod 0x000002cf6b1d9d10
Event: 10.922 Thread 0x000002cf6771ea90 flushing  nmethod 0x000002cf6b1e3810
Event: 10.922 Thread 0x000002cf6771ea90 flushing  nmethod 0x000002cf6b1ec910
Event: 10.922 Thread 0x000002cf6771ea90 flushing  nmethod 0x000002cf6b1fc990
Event: 10.922 Thread 0x000002cf6771ea90 flushing  nmethod 0x000002cf6b202a10
Event: 10.922 Thread 0x000002cf6771ea90 flushing  nmethod 0x000002cf6b23f290
Event: 10.922 Thread 0x000002cf6771ea90 flushing  nmethod 0x000002cf6b240390

Events (20 events):
Event: 11.527 Thread 0x000002cf486e51b0 Thread exited: 0x000002cf486e51b0
Event: 11.795 Thread 0x000002cf463ff0d0 Thread added: 0x000002cf486e1010
Event: 11.796 Thread 0x000002cf486e1010 Thread exited: 0x000002cf486e1010
Event: 12.680 Thread 0x000002cf461c8380 Thread added: 0x000002cf486e30e0
Event: 12.696 Thread 0x000002cf463ff0d0 Thread added: 0x000002cf486de8b0
Event: 12.702 Thread 0x000002cf486de8b0 Thread exited: 0x000002cf486de8b0
Event: 12.857 Thread 0x000002cf463ff0d0 Thread added: 0x000002cf486de8b0
Event: 12.857 Thread 0x000002cf486de8b0 Thread exited: 0x000002cf486de8b0
Event: 17.720 Thread 0x000002cf463f94f0 Thread added: 0x000002cf486e02f0
Event: 17.720 Thread 0x000002cf461c9dc0 Thread added: 0x000002cf486e16a0
Event: 17.720 Thread 0x000002cf461c9dc0 Thread added: 0x000002cf486df5d0
Event: 17.721 Thread 0x000002cf486e02f0 Thread added: 0x000002cf486e0980
Event: 17.721 Thread 0x000002cf486df5d0 Thread added: 0x000002cf486e3e00
Event: 17.721 Thread 0x000002cf486e0980 Thread added: 0x000002cf486e1010
Event: 17.722 Thread 0x000002cf486e3e00 Thread added: 0x000002cf486e51b0
Event: 17.722 Thread 0x000002cf486e1010 Thread added: 0x000002cf486de220
Event: 17.723 Thread 0x000002cf486de220 Thread added: 0x000002cf486e23c0
Event: 17.723 Thread 0x000002cf486e23c0 Thread added: 0x000002cf486de8b0
Event: 17.723 Thread 0x000002cf486de8b0 Thread added: 0x000002cf486def40
Event: 18.744 Thread 0x000002cf4500dea0 Thread added: 0x000002cf479ce7a0


Dynamic libraries:
0x00007ff6db430000 - 0x00007ff6db43e000 	c:\Users\ivasa\.cursor\extensions\redhat.java-1.49.0-win32-x64\jre\21.0.9-win32-x86_64\bin\java.exe
0x00007ffed7290000 - 0x00007ffed74a7000 	C:\Windows\SYSTEM32\ntdll.dll
0x00007ffed6210000 - 0x00007ffed62d4000 	C:\Windows\System32\KERNEL32.DLL
0x00007ffed4910000 - 0x00007ffed4ce3000 	C:\Windows\System32\KERNELBASE.dll
0x00007ffed4510000 - 0x00007ffed4621000 	C:\Windows\System32\ucrtbase.dll
0x00007ffebb970000 - 0x00007ffebb988000 	c:\Users\ivasa\.cursor\extensions\redhat.java-1.49.0-win32-x64\jre\21.0.9-win32-x86_64\bin\jli.dll
0x00007ffed6310000 - 0x00007ffed64c1000 	C:\Windows\System32\USER32.dll
0x00007ffed43a0000 - 0x00007ffed43c6000 	C:\Windows\System32\win32u.dll
0x00007ffed62e0000 - 0x00007ffed6309000 	C:\Windows\System32\GDI32.dll
0x00007ffed4cf0000 - 0x00007ffed4e0b000 	C:\Windows\System32\gdi32full.dll
0x00007ffed4e10000 - 0x00007ffed4eaa000 	C:\Windows\System32\msvcp_win.dll
0x00007ffebca30000 - 0x00007ffebca4e000 	c:\Users\ivasa\.cursor\extensions\redhat.java-1.49.0-win32-x64\jre\21.0.9-win32-x86_64\bin\VCRUNTIME140.dll
0x00007ffec46a0000 - 0x00007ffec4938000 	C:\Windows\WinSxS\amd64_microsoft.windows.common-controls_6595b64144ccf1df_6.0.22621.5124_none_270e8f4f7386d69d\COMCTL32.dll
0x00007ffed5140000 - 0x00007ffed51e7000 	C:\Windows\System32\msvcrt.dll
0x00007ffed4f30000 - 0x00007ffed4f61000 	C:\Windows\System32\IMM32.DLL
0x00007ffec7150000 - 0x00007ffec715c000 	c:\Users\ivasa\.cursor\extensions\redhat.java-1.49.0-win32-x64\jre\21.0.9-win32-x86_64\bin\vcruntime140_1.dll
0x00007ffe8a3f0000 - 0x00007ffe8a47d000 	c:\Users\ivasa\.cursor\extensions\redhat.java-1.49.0-win32-x64\jre\21.0.9-win32-x86_64\bin\msvcp140.dll
0x00007ffe50860000 - 0x00007ffe51600000 	c:\Users\ivasa\.cursor\extensions\redhat.java-1.49.0-win32-x64\jre\21.0.9-win32-x86_64\bin\server\jvm.dll
0x00007ffed6a10000 - 0x00007ffed6ac1000 	C:\Windows\System32\ADVAPI32.dll
0x00007ffed5c30000 - 0x00007ffed5cd8000 	C:\Windows\System32\sechost.dll
0x00007ffed4630000 - 0x00007ffed4658000 	C:\Windows\System32\bcrypt.dll
0x00007ffed6b50000 - 0x00007ffed6c64000 	C:\Windows\System32\RPCRT4.dll
0x00007ffed6890000 - 0x00007ffed6901000 	C:\Windows\System32\WS2_32.dll
0x00007ffed4270000 - 0x00007ffed42bd000 	C:\Windows\SYSTEM32\POWRPROF.dll
0x00007ffeceb10000 - 0x00007ffeceb44000 	C:\Windows\SYSTEM32\WINMM.dll
0x00007ffecbd90000 - 0x00007ffecbd9a000 	C:\Windows\SYSTEM32\VERSION.dll
0x00007ffed4250000 - 0x00007ffed4263000 	C:\Windows\SYSTEM32\UMPDC.dll
0x00007ffed33a0000 - 0x00007ffed33b8000 	C:\Windows\SYSTEM32\kernel.appcore.dll
0x00007ffec6950000 - 0x00007ffec695a000 	c:\Users\ivasa\.cursor\extensions\redhat.java-1.49.0-win32-x64\jre\21.0.9-win32-x86_64\bin\jimage.dll
0x00007ffed1e30000 - 0x00007ffed2062000 	C:\Windows\SYSTEM32\DBGHELP.DLL
0x00007ffed64d0000 - 0x00007ffed6862000 	C:\Windows\System32\combase.dll
0x00007ffed7170000 - 0x00007ffed7247000 	C:\Windows\System32\OLEAUT32.dll
0x00007ffec7340000 - 0x00007ffec7372000 	C:\Windows\SYSTEM32\dbgcore.DLL
0x00007ffed4eb0000 - 0x00007ffed4f2b000 	C:\Windows\System32\bcryptPrimitives.dll
0x00007ffec4e70000 - 0x00007ffec4e7f000 	c:\Users\ivasa\.cursor\extensions\redhat.java-1.49.0-win32-x64\jre\21.0.9-win32-x86_64\bin\instrument.dll
0x00007ffea9820000 - 0x00007ffea9840000 	c:\Users\ivasa\.cursor\extensions\redhat.java-1.49.0-win32-x64\jre\21.0.9-win32-x86_64\bin\java.dll
0x00007ffed5270000 - 0x00007ffed5b06000 	C:\Windows\System32\SHELL32.dll
0x00007ffed47d0000 - 0x00007ffed490f000 	C:\Windows\System32\wintypes.dll
0x00007ffed2270000 - 0x00007ffed2b8a000 	C:\Windows\SYSTEM32\windows.storage.dll
0x00007ffed6f80000 - 0x00007ffed708a000 	C:\Windows\System32\SHCORE.dll
0x00007ffed7090000 - 0x00007ffed70f3000 	C:\Windows\System32\shlwapi.dll
0x00007ffed42d0000 - 0x00007ffed42fb000 	C:\Windows\SYSTEM32\profapi.dll
0x00007ffea9700000 - 0x00007ffea9718000 	c:\Users\ivasa\.cursor\extensions\redhat.java-1.49.0-win32-x64\jre\21.0.9-win32-x86_64\bin\zip.dll
0x00007ffec4c90000 - 0x00007ffec4ca0000 	C:\Users\ivasa\.cursor\extensions\redhat.java-1.49.0-win32-x64\jre\21.0.9-win32-x86_64\bin\net.dll
0x00007ffecff70000 - 0x00007ffed009c000 	C:\Windows\SYSTEM32\WINHTTP.dll
0x00007ffed3820000 - 0x00007ffed388a000 	C:\Windows\system32\mswsock.dll
0x00007ffea6910000 - 0x00007ffea6926000 	C:\Users\ivasa\.cursor\extensions\redhat.java-1.49.0-win32-x64\jre\21.0.9-win32-x86_64\bin\nio.dll
0x00007ffec24e0000 - 0x00007ffec24f0000 	c:\Users\ivasa\.cursor\extensions\redhat.java-1.49.0-win32-x64\jre\21.0.9-win32-x86_64\bin\verify.dll
0x00007ffe8c6e0000 - 0x00007ffe8c724000 	C:\Users\ivasa\AppData\Roaming\Cursor\User\globalStorage\redhat.java\1.49.0\config_win\org.eclipse.equinox.launcher\org.eclipse.equinox.launcher.win32.win32.x86_64_1.2.1400.v20250801-0854\eclipse_11916.dll
0x00007ffed6dd0000 - 0x00007ffed6f71000 	C:\Windows\System32\ole32.dll
0x00007ffed3a80000 - 0x00007ffed3a9b000 	C:\Windows\SYSTEM32\CRYPTSP.dll
0x00007ffed32f0000 - 0x00007ffed3327000 	C:\Windows\system32\rsaenh.dll
0x00007ffed3920000 - 0x00007ffed3948000 	C:\Windows\SYSTEM32\USERENV.dll
0x00007ffed3aa0000 - 0x00007ffed3aac000 	C:\Windows\SYSTEM32\CRYPTBASE.dll
0x00007ffed2e30000 - 0x00007ffed2e5d000 	C:\Windows\SYSTEM32\IPHLPAPI.DLL
0x00007ffed4f70000 - 0x00007ffed4f79000 	C:\Windows\System32\NSI.dll
0x00007ffe88570000 - 0x00007ffe885b9000 	C:\Users\ivasa\AppData\Local\Temp\jna-100581922\jna10793565392774977950.dll
0x00007ffed6910000 - 0x00007ffed6918000 	C:\Windows\System32\PSAPI.DLL
0x00007ffecfe80000 - 0x00007ffecfe99000 	C:\Windows\SYSTEM32\dhcpcsvc6.DLL
0x00007ffecfe60000 - 0x00007ffecfe7f000 	C:\Windows\SYSTEM32\dhcpcsvc.DLL
0x00007ffe87d20000 - 0x00007ffe87d47000 	C:\Users\ivasa\.gradle\native\1def1411415f61bf3af743bc5b6707747c0891f09f0c88961ee8f79bc544acac\windows-amd64\native-platform.dll
0x00007ffec1dc0000 - 0x00007ffec1dca000 	C:\Users\ivasa\.cursor\extensions\redhat.java-1.49.0-win32-x64\jre\21.0.9-win32-x86_64\bin\management.dll
0x00007ffebce10000 - 0x00007ffebce1c000 	C:\Users\ivasa\.cursor\extensions\redhat.java-1.49.0-win32-x64\jre\21.0.9-win32-x86_64\bin\management_ext.dll
0x00007ffebccb0000 - 0x00007ffebccbe000 	C:\Users\ivasa\.cursor\extensions\redhat.java-1.49.0-win32-x64\jre\21.0.9-win32-x86_64\bin\sunmscapi.dll
0x00007ffed4660000 - 0x00007ffed47c7000 	C:\Windows\System32\CRYPT32.dll
0x00007ffed3c40000 - 0x00007ffed3c6d000 	C:\Windows\SYSTEM32\ncrypt.dll
0x00007ffed3c00000 - 0x00007ffed3c37000 	C:\Windows\SYSTEM32\NTASN1.dll
0x00007ffed2eb0000 - 0x00007ffed2fb2000 	C:\Windows\SYSTEM32\DNSAPI.dll
0x00007ffecf2b0000 - 0x00007ffecf2ba000 	C:\Windows\System32\rasadhlp.dll
0x00007ffece9e0000 - 0x00007ffecea63000 	C:\Windows\System32\fwpuclnt.dll
0x00007ffebca20000 - 0x00007ffebca29000 	C:\Users\ivasa\.cursor\extensions\redhat.java-1.49.0-win32-x64\jre\21.0.9-win32-x86_64\bin\extnet.dll

JVMTI agents:
c:\Users\ivasa\.cursor\extensions\redhat.java-1.49.0-win32-x64\lombok\lombok-1.18.39-4050.jar path:c:\Users\ivasa\.cursor\extensions\redhat.java-1.49.0-win32-x64\jre\21.0.9-win32-x86_64\bin\instrument.dll, loaded, initialized, instrumentlib options:none

dbghelp: loaded successfully - version: 4.0.5 - missing functions: none
symbol engine: initialized successfully - sym options: 0x614 - pdb path: .;c:\Users\ivasa\.cursor\extensions\redhat.java-1.49.0-win32-x64\jre\21.0.9-win32-x86_64\bin;C:\Windows\SYSTEM32;C:\Windows\WinSxS\amd64_microsoft.windows.common-controls_6595b64144ccf1df_6.0.22621.5124_none_270e8f4f7386d69d;c:\Users\ivasa\.cursor\extensions\redhat.java-1.49.0-win32-x64\jre\21.0.9-win32-x86_64\bin\server;C:\Users\ivasa\AppData\Roaming\Cursor\User\globalStorage\redhat.java\1.49.0\config_win\org.eclipse.equinox.launcher\org.eclipse.equinox.launcher.win32.win32.x86_64_1.2.1400.v20250801-0854;C:\Users\ivasa\AppData\Local\Temp\jna-100581922;C:\Users\ivasa\.gradle\native\1def1411415f61bf3af743bc5b6707747c0891f09f0c88961ee8f79bc544acac\windows-amd64

VM Arguments:
jvm_args: --add-modules=ALL-SYSTEM --add-opens=java.base/java.util=ALL-UNNAMED --add-opens=java.base/java.lang=ALL-UNNAMED --add-opens=java.base/sun.nio.fs=ALL-UNNAMED -Declipse.application=org.eclipse.jdt.ls.core.id1 -Dosgi.bundles.defaultStartLevel=4 -Declipse.product=org.eclipse.jdt.ls.core.product -Djava.import.generatesMetadataFilesAtProjectRoot=false -DDetectVMInstallationsJob.disabled=true -Dfile.encoding=utf8 -XX:+UseParallelGC -XX:GCTimeRatio=4 -XX:AdaptiveSizePolicyWeight=90 -Dsun.zip.disableMemoryMapping=true -Xmx2G -Xms100m -Xlog:disable -javaagent:c:\Users\ivasa\.cursor\extensions\redhat.java-1.49.0-win32-x64\lombok\lombok-1.18.39-4050.jar -XX:+HeapDumpOnOutOfMemoryError -XX:HeapDumpPath=c:\Users\ivasa\AppData\Roaming\Cursor\User\workspaceStorage\a1775c4f00a8f7682770cc56232e43d3\redhat.java -Daether.dependencyCollector.impl=bf 
java_command: c:\Users\ivasa\.cursor\extensions\redhat.java-1.49.0-win32-x64\server\plugins\org.eclipse.equinox.launcher_1.7.100.v20251111-0406.jar -configuration c:\Users\ivasa\AppData\Roaming\Cursor\User\globalStorage\redhat.java\1.49.0\config_win -data c:\Users\ivasa\AppData\Roaming\Cursor\User\workspaceStorage\a1775c4f00a8f7682770cc56232e43d3\redhat.java\jdt_ws --pipe=\\.\pipe\lsp-4d92aa351342adac7816345bf9dc13df-sock
java_class_path (initial): c:\Users\ivasa\.cursor\extensions\redhat.java-1.49.0-win32-x64\server\plugins\org.eclipse.equinox.launcher_1.7.100.v20251111-0406.jar
Launcher Type: SUN_STANDARD

[Global flags]
    uintx AdaptiveSizePolicyWeight                 = 90                                        {product} {command line}
     intx CICompilerCount                          = 4                                         {product} {ergonomic}
    uintx GCTimeRatio                              = 4                                         {product} {command line}
     bool HeapDumpOnOutOfMemoryError               = true                                   {manageable} {command line}
    ccstr HeapDumpPath                             = c:\Users\ivasa\AppData\Roaming\Cursor\User\workspaceStorage\a1775c4f00a8f7682770cc56232e43d3\redhat.java         {manageable} {command line}
   size_t InitialHeapSize                          = 104857600                                 {product} {command line}
   size_t MaxHeapSize                              = 2147483648                                {product} {command line}
   size_t MaxNewSize                               = 715653120                                 {product} {ergonomic}
   size_t MinHeapDeltaBytes                        = 524288                                    {product} {ergonomic}
   size_t MinHeapSize                              = 104857600                                 {product} {command line}
   size_t NewSize                                  = 34603008                                  {product} {ergonomic}
    uintx NonNMethodCodeHeapSize                   = 5839372                                {pd product} {ergonomic}
    uintx NonProfiledCodeHeapSize                  = 122909434                              {pd product} {ergonomic}
   size_t OldSize                                  = 70254592                                  {product} {ergonomic}
    uintx ProfiledCodeHeapSize                     = 122909434                              {pd product} {ergonomic}
    uintx ReservedCodeCacheSize                    = 251658240                              {pd product} {ergonomic}
     bool SegmentedCodeCache                       = true                                      {product} {ergonomic}
   size_t SoftMaxHeapSize                          = 2147483648                             {manageable} {ergonomic}
     bool UseCompressedOops                        = true                           {product lp64_product} {ergonomic}
     bool UseLargePagesIndividualAllocation        = false                                  {pd product} {ergonomic}
     bool UseParallelGC                            = true                                      {product} {command line}

Logging:
Log output configuration:
 #0: stdout all=off uptime,level,tags foldmultilines=false
 #1: stderr all=off uptime,level,tags foldmultilines=false

Release file:
JAVA_VERSION="21.0.9" 
MODULES="java.base java.compiler java.datatransfer java.xml java.prefs java.desktop java.instrument java.logging java.management java.security.sasl java.naming java.rmi java.management.rmi java.net.http java.scripting java.security.jgss java.transaction.xa java.sql java.sql.rowset java.xml.crypto java.se java.smartcardio jdk.accessibility jdk.internal.jvmstat jdk.attach jdk.charsets jdk.internal.opt jdk.zipfs jdk.compiler jdk.crypto.ec jdk.crypto.cryptoki jdk.crypto.mscapi jdk.dynalink jdk.internal.ed jdk.editpad jdk.hotspot.agent jdk.httpserver jdk.internal.le jdk.internal.vm.ci jdk.internal.vm.compiler jdk.internal.vm.compiler.management jdk.jartool jdk.javadoc jdk.jcmd jdk.management jdk.management.agent jdk.jconsole jdk.jdeps jdk.jdwp.agent jdk.jdi jdk.jfr jdk.jshell jdk.jsobject jdk.jstatd jdk.localedata jdk.management.jfr jdk.naming.dns jdk.naming.rmi jdk.net jdk.nio.mapmode jdk.random jdk.sctp jdk.security.auth jdk.security.jgss jdk.unsupported jdk.unsupported.desktop jdk.xml.dom" 

Environment Variables:
PATH=C:\Program Files\Microsoft\jdk-17.0.14.7-hotspot\bin;C:\Program Files\OpenSSL-Win64\bin;C:\Program Files (x86)\Common Files\Intel\Shared Libraries\redist\intel64\compiler;C:\Users\ivasa\AppData\Local\Microsoft\WindowsApps;C:\Users\ivasa\AppData\Local\GitHubDesktop\bin;C:\Users\ivasa\AppData\Roaming\npm;C:\Users\ivasa\AppData\Local\Programs\Microsoft VS Code\bin;C:\Users\ivasa\AppData\Roaming\Composer\vendor\bin;C:\Windows\system32\config\systemprofile\AppData\Local\Microsoft\WindowsApps;C:\Users\ivasa\Documents\apache-maven-3.9.9-bin\apache-maven-3.9.9\bin;C:\Program Files\Git\cmd;C:\ProgramData\chocolatey\bin;C:\Program Files\nodejs\;C:\Program Files\Java\jdk-18.0.2.1\bin;C:\Program Files\gradle-8.13\bin;C:\Program Files\platform-tools;C:\Android\platform-tools;C:\Program Files (x86)\Google\Cloud SDK\google-cloud-sdk\bin;D:\cursor\resources\app\bin;C:\Users\ivasa\AppData\Local\Programs\Python\Python313\Scripts\;C:\Users\ivasa\AppData\Local\Programs\Python\Python313\;C:\Users\ivasa\AppData\Local\Microsoft\WindowsApps;C:\Users\ivasa\AppData\Local\GitHubDesktop\bin;C:\Users\ivasa\AppData\Local\Programs\Microsoft VS Code\bin;C:\Users\ivasa\AppData\Roaming\Composer\vendor\bin;C:\Users\ivasa\AppData\Local\Microsoft\WindowsApps;C:\Users\ivasa\Documents\apache-maven-3.9.9-bin\apache-maven-3.9.9\bin;C:\Users\ivasa\AppData\Local\Programs\mongosh\;C:\Users\ivasa\AppData\Roaming\npm;C:\Users\ivasa\AppData\Local\Android\Sdk\platform-tools;D:\Qoder\bin
USERNAME=ivasa
OS=Windows_NT
PROCESSOR_IDENTIFIER=AMD64 Family 25 Model 68 Stepping 1, AuthenticAMD
TMP=C:\Users\ivasa\AppData\Local\Temp
TEMP=C:\Users\ivasa\AppData\Local\Temp




Periodic native trim disabled

---------------  S Y S T E M  ---------------

OS:
 Windows 11 , 64 bit Build 22621 (10.0.22621.5124)
OS uptime: 0 days 6:17 hours
Hyper-V role detected

CPU: total 12 (initial active 12) (12 cores per cpu, 2 threads per core) family 25 model 68 stepping 1 microcode 0x0, cx8, cmov, fxsr, ht, mmx, 3dnowpref, sse, sse2, sse3, ssse3, sse4a, sse4.1, sse4.2, popcnt, lzcnt, tsc, tscinvbit, avx, avx2, aes, erms, clmul, bmi1, bmi2, adx, sha, fma, vzeroupper, clflush, clflushopt, hv, rdtscp, rdpid, fsrm, f16c, cet_ss
Processor Information for the first 12 processors :
  Max Mhz: 3301, Current Mhz: 3301, Mhz Limit: 3301

Memory: 4k page, system-wide physical 7484M (423M free)
TotalPageFile size 30012M (AvailPageFile size 3M)
current process WorkingSet (physical memory assigned to process): 449M, peak: 547M
current process commit charge ("private bytes"): 851M, peak: 881M

vm_info: OpenJDK 64-Bit Server VM (21.0.9+10-LTS) for windows-amd64 JRE (21.0.9+10-LTS), built on 2025-10-21T00:00:00Z by "admin" with unknown MS VC++:1942

END.
